app/build/outputs/logs/manifest-merger-debug-report.txt
-- Merging decision tree log ---
manifest
ADDED from src\main\AndroidManifest.xml:2:1-58:12
	xmlns:android
		ADDED from src\main\AndroidManifest.xml:2:11-69
	package
		ADDED from src\main\AndroidManifest.xml:3:5-47
		INJECTED from src\main\AndroidManifest.xml
		INJECTED from src\main\AndroidManifest.xml
	android:versionName
		INJECTED from src\main\AndroidManifest.xml
		INJECTED from src\main\AndroidManifest.xml
	android:versionCode
		INJECTED from src\main\AndroidManifest.xml
		INJECTED from src\main\AndroidManifest.xml
uses-permission#android.permission.NFC
ADDED from src\main\AndroidManifest.xml:5:5-62
	android:name
		ADDED from src\main\AndroidManifest.xml:5:22-59
uses-sdk
ADDED from src\main\AndroidManifest.xml:6:5-44
MERGED from [com.android.support:appcompat-v7:22.2.1] AndroidManifest.xml:20:5-43
MERGED from [com.android.support:support-v4:22.2.1] AndroidManifest.xml:20:5-43
	android:targetSdkVersion
		INJECTED from src\main\AndroidManifest.xml
		INJECTED from src\main\AndroidManifest.xml
	android:minSdkVersion
		ADDED from src\main\AndroidManifest.xml:6:15-41
		INJECTED from src\main\AndroidManifest.xml
		INJECTED from src\main\AndroidManifest.xml
uses-feature#android.hardware.nfc
ADDED from src\main\AndroidManifest.xml:7:5-82
	android:required
		ADDED from src\main\AndroidManifest.xml:7:55-79
	android:name
		ADDED from src\main\AndroidManifest.xml:7:19-54
application
ADDED from src\main\AndroidManifest.xml:9:5-56:19
MERGED from [com.android.support:appcompat-v7:22.2.1] AndroidManifest.xml:22:5-20
MERGED from [com.android.support:support-v4:22.2.1] AndroidManifest.xml:22:5-20
	android:supportsRtl
		ADDED from src\main\AndroidManifest.xml:13:9-35
	android:label
		ADDED from src\main\AndroidManifest.xml:12:9-41
	android:allowBackup
		ADDED from src\main\AndroidManifest.xml:10:9-35
	android:icon
		ADDED from src\main\AndroidManifest.xml:11:9-43
	android:theme
		ADDED from src\main\AndroidManifest.xml:14:9-40
activity#com.project.omotoso.ubi_learning.Splash
ADDED from src\main\AndroidManifest.xml:17:9-25:20
	android:name
		ADDED from src\main\AndroidManifest.xml:17:19-41
intent-filter#android.intent.action.MAIN+android.intent.category.LAUNCHER
ADDED from src\main\AndroidManifest.xml:18:13-22:29
action#android.intent.action.MAIN
ADDED from src\main\AndroidManifest.xml:19:17-69
	android:name
		ADDED from src\main\AndroidManifest.xml:19:25-66
category#android.intent.category.LAUNCHER
ADDED from src\main\AndroidManifest.xml:21:17-77
	android:name
		ADDED from src\main\AndroidManifest.xml:21:27-74
activity#com.project.omotoso.ubi_learning.MainActivity
ADDED from src\main\AndroidManifest.xml:26:9-39:20
	android:name
		ADDED from src\main\AndroidManifest.xml:26:19-47
intent-filter#android.intent.category.DEFAULT+com.project.omotoso.ubi_learning.MAINACTIVITY
ADDED from src\main\AndroidManifest.xml:27:13-31:29
action#com.project.omotoso.ubi_learning.MAINACTIVITY
ADDED from src\main\AndroidManifest.xml:28:17-88
	android:name
		ADDED from src\main\AndroidManifest.xml:28:25-85
category#android.intent.category.DEFAULT
ADDED from src\main\AndroidManifest.xml:30:17-76
	android:name
		ADDED from src\main\AndroidManifest.xml:30:27-73
intent-filter#android.intent.category.DEFAULT+android.nfc.action.NDEF_DISCOVERED
ADDED from src\main\AndroidManifest.xml:33:13-38:29
action#android.nfc.action.NDEF_DISCOVERED
ADDED from src\main\AndroidManifest.xml:34:17-77
	android:name
		ADDED from src\main\AndroidManifest.xml:34:25-74
data
ADDED from src\main\AndroidManifest.xml:36:17-52
	android:mimeType
		ADDED from src\main\AndroidManifest.xml:36:23-49
activity#com.project.omotoso.ubi_learning.Details
ADDED from src\main\AndroidManifest.xml:40:9-47:20
	android:name
		ADDED from src\main\AndroidManifest.xml:40:19-42
intent-filter#android.intent.category.DEFAULT+com.project.omotoso.ubi_learning.DETAILS
ADDED from src\main\AndroidManifest.xml:41:13-45:29
action#com.project.omotoso.ubi_learning.DETAILS
ADDED from src\main\AndroidManifest.xml:42:17-83
	android:name
		ADDED from src\main\AndroidManifest.xml:42:25-80
activity#com.project.omotoso.ubi_learning.Description
ADDED from src\main\AndroidManifest.xml:48:9-55:20
	android:name
		ADDED from src\main\AndroidManifest.xml:48:19-46
intent-filter#android.intent.category.DEFAULT+com.project.omotoso.ubi_learning.DESCRIPTION
ADDED from src\main\AndroidManifest.xml:49:13-53:29
action#com.project.omotoso.ubi_learning.DESCRIPTION
ADDED from src\main\AndroidManifest.xml:50:17-87
	android:name
		ADDED from src\main\AndroidManifest.xml:50:25-84